Using pre-set license

 COMMAND LINE ARGUMENTS:
/Applications/Unity/Unity.app/Contents/MacOS/Unity
-adb2
-batchMode
-noUpm
-name
AssetImportWorker0
-projectPath
/Users/imac/Desktop/dev/MetrixPlugins/UnitySample
-logFile
Logs/AssetImportWorker0.log
-srvPort
62867
Successfully changed project path to: /Users/imac/Desktop/dev/MetrixPlugins/UnitySample
/Users/imac/Desktop/dev/MetrixPlugins/UnitySample
Using Asset Import Pipeline V2.
Refreshing native plugins compatible for Editor in 94.06 ms, found 2 plugins.
Preloading 0 native plugins for Editor in 0.00 ms.
Initialize engine version: 2020.3.14f1 (d0d1bb862f9d)
[Subsystems] Discovering subsystems at path /Applications/Unity/Unity.app/Contents/Resources/UnitySubsystems
[Subsystems] Discovering subsystems at path /Users/imac/Desktop/dev/MetrixPlugins/UnitySample/Assets
GfxDevice: creating device client; threaded=0
2021-07-27 13:46:09.457 Unity[16593:514056] iMac preferred device: Intel Iris Pro Graphics (low power)
2021-07-27 13:46:09.458 Unity[16593:514056] Metal devices available: 1
2021-07-27 13:46:09.458 Unity[16593:514056] 0: Intel Iris Pro Graphics (low power)
2021-07-27 13:46:09.458 Unity[16593:514056] Using device Intel Iris Pro Graphics (low power)
Initializing Metal device caps: Intel Iris Pro Graphics
Initialize mono
Mono path[0] = '/Applications/Unity/Unity.app/Contents/Managed'
Mono path[1] = '/Applications/Unity/Unity.app/Contents/MonoBleedingEdge/lib/mono/unityjit'
Mono config path = '/Applications/Unity/Unity.app/Contents/MonoBleedingEdge/etc'
Using monoOptions --debugger-agent=transport=dt_socket,embedding=1,server=y,suspend=n,address=127.0.0.1:56593
Begin MonoManager ReloadAssembly
Registering precompiled unity dll's ...
Register platform support module: /Applications/Unity/Unity.app/Contents/PlaybackEngines/MacStandaloneSupport/UnityEditor.OSXStandalone.Extensions.dll
Registered in 0.007107 seconds.
Native extension for OSXStandalone target not found
Refreshing native plugins compatible for Editor in 47.84 ms, found 2 plugins.
Preloading 0 native plugins for Editor in 0.00 ms.
Mono: successfully reloaded assembly
- Completed reload, in  2.303 seconds
Domain Reload Profiling:
	ReloadAssembly (2304ms)
		BeginReloadAssembly (56ms)
			ExecutionOrderSort (0ms)
			DisableScriptedObjects (0ms)
			BackupInstance (0ms)
			ReleaseScriptingObjects (0ms)
			CreateAndSetChildDomain (1ms)
		EndReloadAssembly (601ms)
			LoadAssemblies (60ms)
			RebuildTransferFunctionScriptingTraits (0ms)
			SetupTypeCache (248ms)
			ReleaseScriptCaches (0ms)
			RebuildScriptCaches (48ms)
			SetupLoadedEditorAssemblies (228ms)
				LogAssemblyErrors (0ms)
				InitializePlatformSupportModulesInManaged (5ms)
				SetLoadedEditorAssemblies (0ms)
				RefreshPlugins (48ms)
				BeforeProcessingInitializeOnLoad (8ms)
				ProcessInitializeOnLoadAttributes (126ms)
				ProcessInitializeOnLoadMethodAttributes (41ms)
				AfterProcessingInitializeOnLoad (0ms)
				EditorAssembliesLoaded (0ms)
			ExecutionOrderSort2 (0ms)
			AwakeInstancesAfterBackupRestoration (0ms)
Platform modules already initialized, skipping
Registering precompiled user dll's ...
Registered in 0.042577 seconds.
Begin MonoManager ReloadAssembly
Native extension for OSXStandalone target not found
Refreshing native plugins compatible for Editor in 0.79 ms, found 2 plugins.
Preloading 0 native plugins for Editor in 0.00 ms.
Mono: successfully reloaded assembly
- Completed reload, in  1.696 seconds
Domain Reload Profiling:
	ReloadAssembly (1701ms)
		BeginReloadAssembly (207ms)
			ExecutionOrderSort (0ms)
			DisableScriptedObjects (6ms)
			BackupInstance (0ms)
			ReleaseScriptingObjects (0ms)
			CreateAndSetChildDomain (46ms)
		EndReloadAssembly (1395ms)
			LoadAssemblies (186ms)
			RebuildTransferFunctionScriptingTraits (0ms)
			SetupTypeCache (463ms)
			ReleaseScriptCaches (1ms)
			RebuildScriptCaches (77ms)
			SetupLoadedEditorAssemblies (506ms)
				LogAssemblyErrors (0ms)
				InitializePlatformSupportModulesInManaged (6ms)
				SetLoadedEditorAssemblies (1ms)
				RefreshPlugins (1ms)
				BeforeProcessingInitializeOnLoad (72ms)
				ProcessInitializeOnLoadAttributes (373ms)
				ProcessInitializeOnLoadMethodAttributes (52ms)
				AfterProcessingInitializeOnLoad (2ms)
				EditorAssembliesLoaded (0ms)
			ExecutionOrderSort2 (0ms)
			AwakeInstancesAfterBackupRestoration (9ms)
Platform modules already initialized, skipping
========================================================================
Worker process is ready to serve import requests
Launching external process: /Applications/Unity/Unity.app/Contents/Tools/UnityShaderCompiler
Launched and connected shader compiler UnityShaderCompiler after 0.01 seconds
Refreshing native plugins compatible for Editor in 0.75 ms, found 2 plugins.
Preloading 0 native plugins for Editor in 0.00 ms.
Unloading 1939 Unused Serialized files (Serialized files now loaded: 0)
System memory in use before: 151.9 MB.
System memory in use after: 152.0 MB.

Unloading 64 unused Assets to reduce memory usage. Loaded Objects now: 2346.
Total: 6.882476 ms (FindLiveObjects: 0.295993 ms CreateObjectMapping: 0.172138 ms MarkObjects: 6.305390 ms  DeleteObjects: 0.107718 ms)

AssetImportParameters requested are different than current active one (requested -> active):
  custom:video-decoder-ogg-theora: a1e56fd34408186e4bbccfd4996cb3dc -> 
  custom:container-muxer-webm: aa71ff27fc2769a1b78a27578f13a17b -> 
  custom:container-demuxer-webm: 4f35f7cbe854078d1ac9338744f61a02 -> 
  custom:container-demuxer-ogg: 62fdf1f143b41e24485cea50d1cbac27 -> 
  custom:video-encoder-webm-vp8: eb34c28f22e8b96e1ab97ce403110664 -> 
  custom:framework-osx-AVFoundation: b23960f63f64bdc6ff669e2cdcee2391 -> 
  custom:video-decoder-webm-vp8: 9c59270c3fd7afecdb556c50c9e8de78 -> 
  custom:audio-decoder-ogg-vorbis: bf7c407c2cedff20999df2af8eb42d56 -> 
  custom:audio-encoder-webm-vorbis: bf7c407c2cedff20999df2af8eb42d56 -> 
========================================================================
Received Import Request.
  path: Assets/Metrix
  artifactKey: Guid(4fb4e0ec7189b44a699dbbf1ac4721ab) Importer(815301076,1909f56bfc062723c751e8b465ee728b)
Start importing Assets/Metrix using Guid(4fb4e0ec7189b44a699dbbf1ac4721ab) Importer(815301076,1909f56bfc062723c751e8b465ee728b)  -> (artifact id: 'e646f0db1bfc4deabc2db8bb0261c0aa') in 0.004684 seconds 
  Import took 0.008118 seconds .

========================================================================
Received Import Request.
  Time since last request: 19.288576 seconds.
  path: Assets/Plugins
  artifactKey: Guid(2c86e3645a3a4d15fac24fe8a8f16827) Importer(815301076,1909f56bfc062723c751e8b465ee728b)
Start importing Assets/Plugins using Guid(2c86e3645a3a4d15fac24fe8a8f16827) Importer(815301076,1909f56bfc062723c751e8b465ee728b)  -> (artifact id: '19347d26a3d44e9a0dc5b912d34740f9') in 0.001279 seconds 
  Import took 0.004972 seconds .

========================================================================
Received Import Request.
  Time since last request: 0.983571 seconds.
  path: Assets/Plugins/iOS
  artifactKey: Guid(b1a6d489f2775477da2a4334a51ea617) Importer(815301076,1909f56bfc062723c751e8b465ee728b)
Start importing Assets/Plugins/iOS using Guid(b1a6d489f2775477da2a4334a51ea617) Importer(815301076,1909f56bfc062723c751e8b465ee728b)  -> (artifact id: '96e5eabbedd6b51a2d34f290af91fd12') in 0.001685 seconds 
  Import took 0.005940 seconds .

========================================================================
Received Import Request.
  Time since last request: 0.000508 seconds.
  path: Assets/Plugins/iOS
  artifactKey: Guid(b1a6d489f2775477da2a4334a51ea617) Importer(815301076,1909f56bfc062723c751e8b465ee728b)
Start importing Assets/Plugins/iOS using Guid(b1a6d489f2775477da2a4334a51ea617) Importer(815301076,1909f56bfc062723c751e8b465ee728b)  -> (artifact id: '96e5eabbedd6b51a2d34f290af91fd12') in 0.001079 seconds 
  Import took 0.004626 seconds .

========================================================================
Received Import Request.
  Time since last request: 7.756515 seconds.
  path: Assets/Plugins/Android
  artifactKey: Guid(a6118864ba87d72ca9d1121ae89a27ba) Importer(815301076,1909f56bfc062723c751e8b465ee728b)
Start importing Assets/Plugins/Android using Guid(a6118864ba87d72ca9d1121ae89a27ba) Importer(815301076,1909f56bfc062723c751e8b465ee728b)  -> (artifact id: 'f7567ae25a8894e7b006b0e4ecfba561') in 0.004374 seconds 
  Import took 0.008472 seconds .

========================================================================
Received Import Request.
  Time since last request: 23.742487 seconds.
  path: Assets/Scenes
  artifactKey: Guid(e4f43b995b1a011f9bc7def38ae79b96) Importer(815301076,1909f56bfc062723c751e8b465ee728b)
Start importing Assets/Scenes using Guid(e4f43b995b1a011f9bc7def38ae79b96) Importer(815301076,1909f56bfc062723c751e8b465ee728b)  -> (artifact id: '64997c4af12cb28f564a9257fddb074b') in 0.022135 seconds 
  Import took 0.043314 seconds .

========================================================================
Received Import Request.
  Time since last request: 2.077546 seconds.
  path: Assets/Resources
  artifactKey: Guid(b99f0fc3231594838b69a0850bec61f7) Importer(815301076,1909f56bfc062723c751e8b465ee728b)
Start importing Assets/Resources using Guid(b99f0fc3231594838b69a0850bec61f7) Importer(815301076,1909f56bfc062723c751e8b465ee728b)  -> (artifact id: '79b298798ac472e75af946ba9e004a3f') in 0.022628 seconds 
  Import took 0.026815 seconds .

========================================================================
Received Prepare
Registering precompiled user dll's ...
Registered in 0.019178 seconds.
Begin MonoManager ReloadAssembly
Native extension for OSXStandalone target not found
Refreshing native plugins compatible for Editor in 0.79 ms, found 2 plugins.
Preloading 0 native plugins for Editor in 0.00 ms.
Mono: successfully reloaded assembly
- Completed reload, in  1.690 seconds
Domain Reload Profiling:
	ReloadAssembly (1692ms)
		BeginReloadAssembly (246ms)
			ExecutionOrderSort (0ms)
			DisableScriptedObjects (14ms)
			BackupInstance (0ms)
			ReleaseScriptingObjects (0ms)
			CreateAndSetChildDomain (146ms)
		EndReloadAssembly (1352ms)
			LoadAssemblies (128ms)
			RebuildTransferFunctionScriptingTraits (0ms)
			SetupTypeCache (472ms)
			ReleaseScriptCaches (2ms)
			RebuildScriptCaches (73ms)
			SetupLoadedEditorAssemblies (498ms)
				LogAssemblyErrors (0ms)
				InitializePlatformSupportModulesInManaged (7ms)
				SetLoadedEditorAssemblies (1ms)
				RefreshPlugins (1ms)
				BeforeProcessingInitializeOnLoad (77ms)
				ProcessInitializeOnLoadAttributes (361ms)
				ProcessInitializeOnLoadMethodAttributes (50ms)
				AfterProcessingInitializeOnLoad (2ms)
				EditorAssembliesLoaded (0ms)
			ExecutionOrderSort2 (0ms)
			AwakeInstancesAfterBackupRestoration (10ms)
Platform modules already initialized, skipping
Switching build target platform(2) subTarget(0) extendedPlatform(0) -> platform(9) subTarget(16777218) extendedPlatform(0)
Refreshing native plugins compatible for Editor in 0.78 ms, found 2 plugins.
Preloading 0 native plugins for Editor in 0.00 ms.
Unloading 1937 Unused Serialized files (Serialized files now loaded: 0)
System memory in use before: 152.4 MB.
System memory in use after: 152.6 MB.

Unloading 55 unused Assets to reduce memory usage. Loaded Objects now: 2358.
Total: 6.840131 ms (FindLiveObjects: 0.421327 ms CreateObjectMapping: 0.223198 ms MarkObjects: 6.151752 ms  DeleteObjects: 0.042492 ms)

AssetImportParameters requested are different than current active one (requested -> active):
  custom:video-decoder-ogg-theora: a1e56fd34408186e4bbccfd4996cb3dc -> 
  custom:container-muxer-webm: aa71ff27fc2769a1b78a27578f13a17b -> 
  custom:container-demuxer-webm: 4f35f7cbe854078d1ac9338744f61a02 -> 
  custom:container-demuxer-ogg: 62fdf1f143b41e24485cea50d1cbac27 -> 
  custom:video-encoder-webm-vp8: eb34c28f22e8b96e1ab97ce403110664 -> 
  custom:framework-osx-AVFoundation: b23960f63f64bdc6ff669e2cdcee2391 -> 
  custom:video-decoder-webm-vp8: 9c59270c3fd7afecdb556c50c9e8de78 -> 
  custom:graphics/normal-map-encoding: 01000000000000000000000000000000 -> 02000000000000000000000000000000
  custom:audio-decoder-ogg-vorbis: bf7c407c2cedff20999df2af8eb42d56 -> 
  custom:audio-encoder-webm-vorbis: bf7c407c2cedff20999df2af8eb42d56 -> 
========================================================================
Received Prepare
Refreshing native plugins compatible for Editor in 88.22 ms, found 2 plugins.
Preloading 0 native plugins for Editor in 0.00 ms.
Unloading 54 Unused Serialized files (Serialized files now loaded: 0)
System memory in use before: 115.5 MB.
System memory in use after: 115.6 MB.

Unloading 53 unused Assets to reduce memory usage. Loaded Objects now: 2358.
Total: 7.227387 ms (FindLiveObjects: 0.288287 ms CreateObjectMapping: 0.234264 ms MarkObjects: 6.676201 ms  DeleteObjects: 0.027241 ms)

AssetImportParameters requested are different than current active one (requested -> active):
  custom:video-decoder-ogg-theora: a1e56fd34408186e4bbccfd4996cb3dc -> 
  custom:container-muxer-webm: aa71ff27fc2769a1b78a27578f13a17b -> 
  custom:container-demuxer-webm: 4f35f7cbe854078d1ac9338744f61a02 -> 
  custom:container-demuxer-ogg: 62fdf1f143b41e24485cea50d1cbac27 -> 
  custom:video-encoder-webm-vp8: eb34c28f22e8b96e1ab97ce403110664 -> 
  custom:framework-osx-AVFoundation: b23960f63f64bdc6ff669e2cdcee2391 -> 
  custom:video-decoder-webm-vp8: 9c59270c3fd7afecdb556c50c9e8de78 -> 
  custom:audio-decoder-ogg-vorbis: bf7c407c2cedff20999df2af8eb42d56 -> 
  custom:audio-encoder-webm-vorbis: bf7c407c2cedff20999df2af8eb42d56 -> 
========================================================================
Received Import Request.
  Time since last request: 1431.921521 seconds.
  path: Assets/Main.cs
  artifactKey: Guid(1aaeb6716cd5cf4ef88d5c0dbcddf3e5) Importer(815301076,1909f56bfc062723c751e8b465ee728b)
Start importing Assets/Main.cs using Guid(1aaeb6716cd5cf4ef88d5c0dbcddf3e5) Importer(815301076,1909f56bfc062723c751e8b465ee728b)  -> (artifact id: 'e67f111fb0d265b2f048d145e84e1f14') in 0.798745 seconds 
  Import took 0.827335 seconds .

========================================================================
Received Import Request.
  Time since last request: 151.822061 seconds.
  path: Assets
  artifactKey: Guid(00000000000000001000000000000000) Importer(815301076,1909f56bfc062723c751e8b465ee728b)
Start importing Assets using Guid(00000000000000001000000000000000) Importer(815301076,1909f56bfc062723c751e8b465ee728b)  -> (artifact id: '42d402b061de3733987d63b9cc3b64de') in 0.002870 seconds 
  Import took 0.009397 seconds .

