
=== Wed Jul 29 14:19:37 2020

Packages were changed.
Update Mode: mergeDefaultDependencies

The following packages were updated:
  com.unity.analytics from version 3.2.2 to 3.3.2
  com.unity.collab-proxy from version 1.2.9 to 1.2.16
  com.unity.package-manager-ui from version 2.1.1 to 2.1.2
  com.unity.purchasing from version 2.0.1 to 2.0.6
  com.unity.textmeshpro from version 1.3.0 to 2.0.0
  com.unity.timeline from version 0.0.0-builtin to 1.0.0

=== Tue Oct 27 14:37:01 2020

Packages were changed.
Update Mode: updateDependencies

The following packages were added:
  com.unity.2d.sprite@1.0.0
  com.unity.2d.tilemap@1.0.0
  com.unity.ide.rider@1.1.4
  com.unity.ide.vscode@1.2.0
  com.unity.modules.androidjni@1.0.0
  com.unity.test-framework@1.1.14
  com.unity.ugui@1.0.0
The following packages were updated:
  com.unity.ads from version 2.0.8 to 3.4.5
  com.unity.analytics from version 3.3.2 to 3.3.5
  com.unity.textmeshpro from version 2.0.0 to 2.0.1
  com.unity.timeline from version 1.0.0 to 1.2.6
The following packages were removed:
  com.unity.package-manager-ui@2.1.2

=== Mon Dec 14 16:51:56 2020

Packages were changed.
Update Mode: updateDependencies

The following packages were updated:
  com.unity.ads from version 3.4.5 to 3.4.9
  com.unity.ide.vscode from version 1.2.0 to 1.2.1
  com.unity.purchasing from version 2.0.6 to 2.1.0
  com.unity.test-framework from version 1.1.14 to 1.1.16

=== Tue Jul 27 13:40:52 2021

Packages were changed.
Update Mode: updateDependencies

The following packages were added:
  com.unity.ide.visualstudio@2.0.9
The following packages were updated:
  com.unity.ads from version 3.4.9 to 3.7.1
  com.unity.analytics from version 3.3.5 to 3.5.3
  com.unity.collab-proxy from version 1.2.16 to 1.5.7
  com.unity.ide.rider from version 1.1.4 to 2.0.7
  com.unity.ide.vscode from version 1.2.1 to 1.2.3
  com.unity.purchasing from version 2.1.0 to 3.2.2
  com.unity.test-framework from version 1.1.16 to 1.1.27
  com.unity.textmeshpro from version 2.0.1 to 3.0.6
  com.unity.timeline from version 1.2.6 to 1.4.8

=== Mon Feb 21 01:06:27 2022

Packages were changed.
Update Mode: updateDependencies

The following packages were updated:
  com.unity.ads from version 3.7.1 to 3.7.5
  com.unity.analytics from version 3.5.3 to 3.6.12
  com.unity.collab-proxy from version 1.5.7 to 1.15.7
  com.unity.ide.visualstudio from version 2.0.9 to 2.0.12
  com.unity.ide.vscode from version 1.2.3 to 1.2.4
  com.unity.purchasing from version 3.2.2 to 4.1.2
  com.unity.test-framework from version 1.1.27 to 1.1.29
